============================= test session starts ==============================
platform darwin -- Python 3.14.2, pytest-9.0.0, pluggy-1.6.0
rootdir: /Users/tglenn/src/hacs-template-media-player
configfile: pyproject.toml
testpaths: tests
plugins: anyio-4.12.1, respx-0.22.0, pytest_freezer-0.4.9, unordered-0.7.0, sugar-1.0.0, socket-0.7.0, homeassistant-custom-component-0.13.308, xdist-3.8.0, timeout-2.4.0, github-actions-annotate-failures-0.3.0, asyncio-1.3.0, aiohttp-1.1.0, picked-0.5.1, requests-mock-1.12.1, cov-7.0.0, syrupy-5.0.0
asyncio: mode=Mode.AUTO, debug=False, asyncio_default_fixture_loop_scope=None, asyncio_default_test_loop_scope=function
collected 23 items

tests/test_config_flow.py ....                                           [ 17%]
tests/test_entity.py .                                                   [ 21%]
tests/test_init.py ...                                                   [ 34%]
tests/test_media_player.py ...............                               [100%]

- generated xml file: /Users/tglenn/src/hacs-template-media-player/pytest.xml --
================================ tests coverage ================================
_______________ coverage: platform darwin, python 3.14.2-final-0 _______________

Name                                                      Stmts   Miss  Cover   Missing
---------------------------------------------------------------------------------------
custom_components/template_media_player/__init__.py          48      4    92%   49-51, 60
custom_components/template_media_player/entity.py             6      2    67%   7-8
custom_components/template_media_player/media_player.py     272     69    75%   55, 135-137, 150, 183-195, 236-238, 284-285, 304, 309-314, 322, 340, 344, 346, 353, 357, 359, 361, 363, 369, 371, 390, 392, 399, 401, 410, 439-441, 449, 453, 457, 461, 465, 469, 473, 477, 481, 485, 489, 493, 497, 501, 515-521, 529-531, 558
---------------------------------------------------------------------------------------
TOTAL                                                       392     75    81%

2 files skipped due to complete coverage.
Coverage XML written to file coverage.xml
============================== 23 passed in 0.36s ==============================
