<?xml version="1.0" encoding="utf-8"?><testsuites name="pytest tests"><testsuite name="pytest" errors="0" failures="0" skipped="0" tests="23" time="0.361" timestamp="2026-01-27T03:33:31.769813-07:00" hostname="Teagans-MacBook-Air-M2-2.local"><testcase classname="tests.test_config_flow" name="test_generate_schema_config_includes_name" time="0.141" /><testcase classname="tests.test_config_flow" name="test_generate_schema_options_excludes_name" time="0.002" /><testcase classname="tests.test_config_flow" name="test_config_flow_title_defaults" time="0.001" /><testcase classname="tests.test_config_flow" name="test_flow_maps_exist" time="0.001" /><testcase classname="tests.test_entity" name="test_template_entity_reexport" time="0.002" /><testcase classname="tests.test_init" name="test_async_setup_processes_config" time="0.009" /><testcase classname="tests.test_init" name="test_reload_service_calls_process" time="0.009" /><testcase classname="tests.test_init" name="test_setup_and_unload_entry" time="0.006" /><testcase classname="tests.test_media_player" name="test_async_setup_platform_adds_entities" time="0.007" /><testcase classname="tests.test_media_player" name="test_async_setup_platform_supports_flat_config" time="0.006" /><testcase classname="tests.test_media_player" name="test_async_setup_platform_default_entity_id_sets_object_id" time="0.004" /><testcase classname="tests.test_media_player" name="test_supported_features_combines_base_and_scripts" time="0.006" /><testcase classname="tests.test_media_player" name="test_state_falls_back_to_base_entity" time="0.012" /><testcase classname="tests.test_media_player" name="test_async_select_source_prefers_script" time="0.006" /><testcase classname="tests.test_media_player" name="test_run_script_falls_back_to_base" time="0.006" /><testcase classname="tests.test_media_player" name="test_extra_state_attributes_returns_values" time="0.006" /><testcase classname="tests.test_media_player" name="test_run_script_uses_script" time="0.006" /><testcase classname="tests.test_media_player" name="test_async_play_media_prefers_browse_entity" time="0.007" /><testcase classname="tests.test_media_player" name="test_async_play_media_falls_back_to_base" time="0.007" /><testcase classname="tests.test_media_player" name="test_async_play_media_uses_script" time="0.005" /><testcase classname="tests.test_media_player" name="test_async_browse_media_uses_script_result" time="0.006" /><testcase classname="tests.test_media_player" name="test_async_browse_media_default_response" time="0.005" /><testcase classname="tests.test_media_player" name="test_templates_render_name_icon_picture_and_availability" time="0.009" /></testsuite></testsuites>